<?xml version="1.0" encoding="UTF-8"?>
<testng-results ignored="0" total="1" passed="1" failed="0" skipped="0">
  <reporter-output>
  </reporter-output>
  <suite started-at="2024-10-01T19:40:13 IST" name="Default suite" finished-at="2024-10-01T19:40:56 IST" duration-ms="43154">
    <groups>
    </groups>
    <test started-at="2024-10-01T19:40:13 IST" name="Default test" finished-at="2024-10-01T19:40:56 IST" duration-ms="43154">
      <class name="All_Category.Explore_All">
        <test-method is-config="true" signature="BS()[pri:0, instance:All_Category.Explore_All@4c371370]" started-at="2024-10-01T19:40:13 IST" name="BS" finished-at="2024-10-01T19:40:13 IST" duration-ms="9" status="PASS">
          <reporter-output>
          </reporter-output>
        </test-method> <!-- BS -->
        <test-method is-config="true" signature="BT()[pri:0, instance:All_Category.Explore_All@4c371370]" started-at="2024-10-01T19:40:13 IST" name="BT" finished-at="2024-10-01T19:40:13 IST" duration-ms="1" status="PASS">
          <reporter-output>
          </reporter-output>
        </test-method> <!-- BT -->
        <test-method is-config="true" signature="BC()[pri:0, instance:All_Category.Explore_All@4c371370]" started-at="2024-10-01T19:40:13 IST" name="BC" finished-at="2024-10-01T19:40:26 IST" duration-ms="13183" status="PASS">
          <reporter-output>
          </reporter-output>
        </test-method> <!-- BC -->
        <test-method is-config="true" signature="BM()[pri:0, instance:All_Category.Explore_All@4c371370]" started-at="2024-10-01T19:40:26 IST" name="BM" finished-at="2024-10-01T19:40:42 IST" duration-ms="16021" status="PASS">
          <reporter-output>
          </reporter-output>
        </test-method> <!-- BM -->
        <test-method signature="accDetails()[pri:0, instance:All_Category.Explore_All@4c371370]" started-at="2024-10-01T19:40:42 IST" name="accDetails" finished-at="2024-10-01T19:40:56 IST" duration-ms="13855" status="PASS">
          <reporter-output>
          </reporter-output>
        </test-method> <!-- accDetails -->
        <test-method is-config="true" signature="AM()[pri:0, instance:All_Category.Explore_All@4c371370]" started-at="2024-10-01T19:40:56 IST" name="AM" finished-at="2024-10-01T19:40:56 IST" duration-ms="3" status="PASS">
          <reporter-output>
          </reporter-output>
        </test-method> <!-- AM -->
        <test-method is-config="true" signature="AC()[pri:0, instance:All_Category.Explore_All@4c371370]" started-at="2024-10-01T19:40:56 IST" name="AC" finished-at="2024-10-01T19:40:56 IST" duration-ms="1" status="PASS">
          <reporter-output>
          </reporter-output>
        </test-method> <!-- AC -->
        <test-method is-config="true" signature="AT()[pri:0, instance:All_Category.Explore_All@4c371370]" started-at="2024-10-01T19:40:56 IST" name="AT" finished-at="2024-10-01T19:40:56 IST" duration-ms="1" status="PASS">
          <reporter-output>
          </reporter-output>
        </test-method> <!-- AT -->
        <test-method is-config="true" signature="AS()[pri:0, instance:All_Category.Explore_All@4c371370]" started-at="2024-10-01T19:40:57 IST" name="AS" finished-at="2024-10-01T19:40:57 IST" duration-ms="1" status="PASS">
          <reporter-output>
          </reporter-output>
        </test-method> <!-- AS -->
      </class> <!-- All_Category.Explore_All -->
    </test> <!-- Default test -->
  </suite> <!-- Default suite -->
</testng-results>
