<?xml version="1.0" encoding="UTF-8"?>
<!-- Generated by org.testng.reporters.JUnitXMLReporter -->
<testsuite ignored="0" hostname="Sumeet" failures="0" tests="1" name="Default test(failed)" time="0.089" errors="0" timestamp="2023-04-12T14:26:27 IST">
  <testcase classname="Genric_Utility.BaseClass" name="@BeforeClass BC" time="0.014">
    <failure type="java.io.FileNotFoundException" message=".\src\test\resources\SearchItem.properties.txt (The system cannot find the file specified)">
      <![CDATA[java.io.FileNotFoundException: .\src\test\resources\SearchItem.properties.txt (The system cannot find the file specified)
at java.base/java.io.FileInputStream.open0(Native Method)
at java.base/java.io.FileInputStream.open(FileInputStream.java:219)
at java.base/java.io.FileInputStream.<init>(FileInputStream.java:158)
at java.base/java.io.FileInputStream.<init>(FileInputStream.java:112)
at Genric_Utility.Property_File.getPropertyKeyValue(Property_File.java:15)
at Genric_Utility.BaseClass.BC(BaseClass.java:45)
at java.base/java.util.ArrayList.forEach(ArrayList.java:1511)
... Removed 23 stack frames]]>
    </failure>
  </testcase> <!-- @BeforeClass BC -->
  <testcase classname="Genric_Utility.BaseClass" name="@BeforeMethod BM" time="-1.68128978736E9">
    <skipped/>
  </testcase> <!-- @BeforeMethod BM -->
  <testcase classname="Genric_Utility.BaseClass" name="@AfterMethod AM" time="-1.681289787372E9">
    <skipped/>
  </testcase> <!-- @AfterMethod AM -->
  <testcase classname="Genric_Utility.BaseClass" name="@AfterClass AC" time="-1.681289787378E9">
    <skipped/>
  </testcase> <!-- @AfterClass AC -->
  <testcase classname="Order.PlaceOrder" name="PlaceOrder" time="0.0">
    <skipped/>
  </testcase> <!-- PlaceOrder -->
</testsuite> <!-- Default test(failed) -->
